[INFO] Scanning for projects...
[INFO] 
[INFO] -----------------------< commons-io:commons-io >------------------------
[INFO] Building Apache Commons IO 2.9.0-SNAPSHOT
[INFO] --------------------------------[ jar ]---------------------------------
[INFO] 
[INFO] --- maven-enforcer-plugin:3.0.0-M3:enforce (enforce-maven-version) @ commons-io ---
[INFO] 
[INFO] --- maven-enforcer-plugin:3.0.0-M3:enforce (enforce-maven-3) @ commons-io ---
[INFO] 
[INFO] --- maven-enforcer-plugin:3.0.0-M3:enforce (enforce-maven) @ commons-io ---
[INFO] 
[INFO] --- apache-rat-plugin:0.13:check (rat-check) @ commons-io ---
[INFO] RAT will not execute since it is configured to be skipped via system property 'rat.skip'.
[INFO] 
[INFO] --- build-helper-maven-plugin:3.2.0:parse-version (parse-version) @ commons-io ---
[INFO] 
[INFO] --- maven-antrun-plugin:3.0.0:run (javadoc.resources) @ commons-io ---
[INFO] Executing tasks
[INFO] Executed tasks
[INFO] 
[INFO] --- maven-remote-resources-plugin:1.7.0:process (process-resource-bundles) @ commons-io ---
[INFO] Skipping remote resources execution.
[INFO] 
[INFO] --- buildnumber-maven-plugin:1.4:create (default) @ commons-io ---
[INFO] Executing: /bin/sh -c cd '/tmp/v1' && 'git' 'rev-parse' '--verify' 'HEAD'
[INFO] Working directory: /tmp/v1
[INFO] Storing buildNumber: ade3895ef543dc5a9cf2ebc254253155383bca0f at timestamp: 1607521594365
[INFO] Storing buildScmBranch: master
[INFO] 
[INFO] --- maven-resources-plugin:3.1.0:resources (default-resources) @ commons-io ---
[INFO] Using 'iso-8859-1' encoding to copy filtered resources.
[INFO] skip non existing resourceDirectory /tmp/v1/src/main/resources
[INFO] Copying 2 resources to META-INF
[INFO] 
[INFO] --- maven-compiler-plugin:3.8.1:compile (default-compile) @ commons-io ---
[INFO] Changes detected - recompiling the module!
[INFO] Compiling 174 source files to /tmp/v1/target/classes
[WARNING] /tmp/v1/src/main/java/org/apache/commons/io/input/BufferedFileChannelInputStream.java:[29,18] sun.nio.ch.DirectBuffer is internal proprietary API and may be removed in a future release
[WARNING] /tmp/v1/src/main/java/org/apache/commons/io/input/BufferedFileChannelInputStream.java:[110,41] sun.nio.ch.DirectBuffer is internal proprietary API and may be removed in a future release
[WARNING] /tmp/v1/src/main/java/org/apache/commons/io/input/BufferedFileChannelInputStream.java:[111,30] sun.nio.ch.DirectBuffer is internal proprietary API and may be removed in a future release
[WARNING] /tmp/v1/src/main/java/org/apache/commons/io/input/BufferedFileChannelInputStream.java:[123,30] sun.nio.ch.DirectBuffer is internal proprietary API and may be removed in a future release
[WARNING] /tmp/v1/src/main/java/org/apache/commons/io/input/BufferedFileChannelInputStream.java:[151,44] sun.nio.ch.DirectBuffer is internal proprietary API and may be removed in a future release
[INFO] /tmp/v1/src/main/java/org/apache/commons/io/input/ClassLoaderObjectInputStream.java: Some input files use or override a deprecated API.
[INFO] /tmp/v1/src/main/java/org/apache/commons/io/input/ClassLoaderObjectInputStream.java: Recompile with -Xlint:deprecation for details.
[INFO] /tmp/v1/src/main/java/org/apache/commons/io/IOExceptionList.java: /tmp/v1/src/main/java/org/apache/commons/io/IOExceptionList.java uses unchecked or unsafe operations.
[INFO] /tmp/v1/src/main/java/org/apache/commons/io/IOExceptionList.java: Recompile with -Xlint:unchecked for details.
[INFO] 
[INFO] --- maven-bundle-plugin:5.1.1:manifest (bundle-manifest) @ commons-io ---
[INFO] 
[INFO] --- maven-resources-plugin:3.1.0:testResources (default-testResources) @ commons-io ---
[INFO] Using 'iso-8859-1' encoding to copy filtered resources.
[INFO] Copying 50 resources
[INFO] Copying 2 resources to META-INF
[INFO] 
[INFO] --- maven-compiler-plugin:3.8.1:testCompile (default-testCompile) @ commons-io ---
[INFO] Changes detected - recompiling the module!
[INFO] Compiling 172 source files to /tmp/v1/target/test-classes
[INFO] /tmp/v1/src/test/java/org/apache/commons/io/FileUtilsTestCase.java: /tmp/v1/src/test/java/org/apache/commons/io/FileUtilsTestCase.java uses unchecked or unsafe operations.
[INFO] /tmp/v1/src/test/java/org/apache/commons/io/FileUtilsTestCase.java: Recompile with -Xlint:unchecked for details.
[INFO] 
[INFO] --- animal-sniffer-maven-plugin:1.19:check (checkAPIcompatibility) @ commons-io ---
[INFO] Signature checking is skipped.
[INFO] 
[INFO] --- jacoco-maven-plugin:0.8.6:prepare-agent (prepare-agent) @ commons-io ---
[INFO] Skipping JaCoCo execution because property jacoco.skip is set.
[INFO] argLine set to empty
[INFO] 
[INFO] --- maven-surefire-plugin:3.0.0-M5:test (default-test) @ commons-io ---
[INFO] Tests are skipped.
[INFO] 
[INFO] --- maven-dependency-plugin:3.1.1:build-classpath (default-cli) @ commons-io ---
[INFO] Skipped writing classpath file '/tmp/v1/classpath'.  No changes found.
[INFO] 
[INFO] --- diff-jjoules:0.0.1-SNAPSHOT:instrument (default-cli) @ commons-io ---
[INFO] org.apache.commons.io.FileUtilsCleanSymlinksTestCase:[testCleanDirWithSymlinkFile, testCleanDirWithASymlinkDir, testStillClearsIfGivenDirectoryIsASymlink, testCleanDirWithParentSymlinks]
org.apache.commons.io.file.PathUtilsDeleteTest:[testDeleteDirectory1FileSize1OverrideReadOnly, testDeleteDirectory1FileSize0NoOption, testDeleteEmptyDirectory, testDeleteDirectory1FileSize0OverrideReadonly, testDeleteDirectory1FileSize1NoOption, testDeleteEmptyDirectoryNoOption, testDeleteEmptyDirectoryOverrideReadOnly, testDeleteDirectory1FileSize0, testDeleteDirectory1FileSize1, testDeleteFileDoesNotExist]
org.apache.commons.io.IOUtilsCopyTestCase:[testCopy_inputStreamToOutputStream_IO84]
org.apache.commons.io.output.NullOutputStreamTest:[testSingleton]
org.apache.commons.io.FileUtilsListFilesTestCase:[testListFiles, testIterateFilesByExtension]
org.apache.commons.io.filefilter.FileFilterTestCase:[testPathEqualsFilter, testFilterArray_PathVisitorFileFilter_FileExistsNo, testFileEqualsFilter, testFilterArray_PathVisitorFileFilter_FileExistsYes, testEmpty]
org.apache.commons.io.file.PathUtilsCleanDirectoryTest:[testCleanDirectory2FileSize2, testCleanDirectory1FileSize1, testCleanDirectory1FileSize0, testCleanEmptyDirectory]
org.apache.commons.io.output.LockableFileWriterTest:[testConstructor_File_nullFile, testAlternateLockDir, testFileNotLocked, testFileLocked, testConstructor_File_directory]
org.apache.commons.io.FileUtilsTestCase:[testDeleteQuietlyDir, testListFiles, testCopyDirectoryPreserveDates, testCopyDirectoryToDirectory_NonExistingDest, testMoveDirectory_CopyDelete, testListFilesWithDirs, testForceDeleteDir, testCopyDirectoryToNonExistingDest, testIterateFilesAndDirs, testChecksum, testForceDeleteAFile2, testForceDeleteAFile1, testForceDeleteAFile3, testIterateFiles]
org.apache.commons.io.input.CharSequenceInputStreamTest:[testBufferedRead_UTF8, testSkip_USASCII, testLargeSingleByteRead_RequiredCharsets, testBufferedRead_RequiredCharset, testIO_356_B10_D10_S1_UTF8, testIO_356_B10_D13_S0_UTF8, testLargeBufferedRead_RequiredCharsets, testReadZero_EmptyString, testCharsetMismatchInfiniteLoop_RequiredCharsets, testMarkReset_USASCII, testIO_356_B10_D13_S1_UTF8, testMarkReset_UTF8, testLargeSingleByteRead_UTF8, testBufferedRead_AvailableCharset, testSingleByteRead_UTF8, testIO_356_B10_D20_S0_UTF8, testIO_356_B10_D10_S2_UTF8, testSkip_UTF8, testIO_356_Loop_UTF8, testSingleByteRead_RequiredCharsets, testMarkSupported, testSingleByteRead_UTF16, testIO_356_B10_D10_S0_UTF16, testIO_356_Loop_UTF16, testReadZero_RequiredCharsets, testLargeBufferedRead_UTF8, testAvailable, testIO_356_B10_D10_S0_UTF8]
org.apache.commons.io.filefilter.NameFileFilterTest:[testJavadocExampleUsingNio, testNoCounting]
org.apache.commons.io.FileSystemUtilsTestCase:[testGetFreeSpaceWindows_String_ParseCommaFormatBytes_Small, testGetFreeSpaceWindows_String_ParseCommaFormatBytes, testGetFreeSpaceUnix_String_NormalResponseKbSolaris, testGetFreeSpaceOS_String_Unix, testGetFreeSpaceWindows_String_EmptyResponse, testGetFreeSpaceWindows_String_quoted, testGetFreeSpaceUnix_String_EmptyPath, testGetFreeSpaceWindows_String_StripDrive, testGetFreeSpaceOS_String_InitError, testGetFreeSpaceOS_String_NullPath, testGetFreeSpaceUnix_String_InvalidResponse4, testGetFreeSpaceUnix_String_InvalidResponse3, testGetFreeSpaceUnix_String_EmptyResponse, testGetFreeSpaceUnix_String_InvalidResponse2, testGetFreeSpaceWindows_String_NormalResponse, testGetFreeSpaceUnix_String_InvalidResponse1, testGetFreeSpaceOS_String_Windows, testGetFreeSpaceWindows_String_InvalidTextResponse, testGetFreeSpaceOS_String_Other, testGetFreeSpaceWindows_String_EmptyMultiLineResponse, testGetFreeSpaceWindows_String_NoSuchDirectoryResponse, testGetFreeSpaceUnix_String_LongResponse, testGetFreeSpaceUnix_String_NormalResponseKbFreeBSD, testGetFreeSpaceUnix_String_NormalResponseFreeBSD, testGetFreeSpaceWindows_String_ParseCommaFormatBytes_Big, testGetFreeSpaceWindows_String_EmptyPath, testGetFreeSpaceUnix_String_NormalResponseLinux, testGetFreeSpaceUnix_String_NormalResponseKbLinux, testGetFreeSpaceUnix_String_LongResponseKb]
org.apache.commons.io.file.DirectoryStreamFilterTest:[testFilterByNameNot, testFilterByName]
org.apache.commons.io.file.spi.FileSystemProvidersTest:[testGetFileSystemProvider_fileScheme]
org.apache.commons.io.FileCleanerTestCase:[testFileCleanerDirectory_ForceStrategy]
org.apache.commons.io.FileUtilsCleanDirectoryTestCase:[testDeletesRegular, testThrowsOnCannotDeleteFile, testDeletesNested]
org.apache.commons.io.filefilter.AgeFileFilterTest:[testJavadocExampleUsingNio, testNoCounting]
org.apache.commons.io.FileCleaningTrackerTestCase:[testFileCleanerDirectory_ForceStrategy]
org.apache.commons.io.output.FileWriterWithEncodingTest:[sameEncoding_string_constructor, sameEncoding_string_CharsetEncoder_constructor, sameEncoding_Charset_constructor, sameEncoding_null_Charset_constructor, sameEncoding_string_Charset_constructor, constructor_File_encoding_badEncoding, constructor_File_nullFile, testDifferentEncoding, sameEncoding_CharsetEncoder_constructor, constructor_File_directory, sameEncoding_string_string_constructor]
org.apache.commons.io.input.CountingInputStreamTest:[testLargeFiles_IO84]
org.apache.commons.io.file.PathUtilsTest:[testCopyFile, testNewDirectoryStream]
org.apache.commons.io.output.CountingOutputStreamTest:[testLargeFiles_IO84]
org.apache.commons.io.filefilter.DirectoryFileFilterTest:[testJavadocExampleUsingNio]
org.apache.commons.io.IOUtilsTestCase:[testConsume]
org.apache.commons.io.FileDeleteStrategyTestCase:[testDeleteForce]
org.apache.commons.io.output.NullPrintStreamTest:[testNullSingleton]
org.apache.commons.io.file.CountersEqualsAndHashCodeTest:[testLongPathCountersHashCodeFileCounters, testLongPathCountersEqualsDirectoryCounters, testLongPathCountersEqualsFileCounters, testMix, testLongPathCountersEqualsByteCounters]
org.apache.commons.io.monitor.FileAlterationObserverTestCase:[testDirectory]
org.apache.commons.io.input.TeeInputStreamTest:[testCloseBranchIOException]
org.apache.commons.io.EndianUtilsTest:[testCtor]
org.apache.commons.io.file.PathUtilsCountingTest:[testCountFolders1FileSize1, testCountEmptyFolder, testCountFolders1FileSize0, testCountFolders2FileSize2]
org.apache.commons.io.file.PathUtilsDeleteFileTest:[testSetReadOnlyFileDirectory1FileSize1, testDeleteFileDirectory1FileSize1, testDeleteReadOnlyFileDirectory1FileSize1, testDeleteFileDirectory1FileSize0, testDeleteFileDoesNotExist]
org.apache.commons.io.output.TeeOutputStreamTest:[testIOExceptionOnClose]
org.apache.commons.io.file.PathUtilsContentEqualsTest:[testDirectoryAndFileContentEquals, testDirectoryContentEquals]
org.apache.commons.io.file.PathUtilsDeleteDirectoryTest:[testDeleteDirectory2FileSize2, testDeleteDirectory1FileSize0NoOptions, testDeleteEmptyDirectory, testDeleteDirectory1FileSize0OverrideReadOnly, testDeleteDirectory1FileSize0, testDeleteDirectory1FileSize1]
[INFO] Instrument version before commit...
[INFO] Run on /tmp/v1
[INFO] Running in NOCLASSPATH mode (doc: http://spoon.gforge.inria.fr/launcher.html).
[INFO] Spoon version 8.4.0-SNAPSHOT
[INFO] running Spoon...
[INFO] start processing...
[INFO] fr.davidson.diff.jjoules.process.junit5.JJoulesProcessor
Processing org.apache.commons.io.file.spi.FileSystemProvidersTest#testGetFileSystemProvider_fileScheme
Processing org.apache.commons.io.file.CountersEqualsAndHashCodeTest#testLongPathCountersEqualsByteCounters
Processing org.apache.commons.io.file.CountersEqualsAndHashCodeTest#testLongPathCountersEqualsDirectoryCounters
Processing org.apache.commons.io.file.CountersEqualsAndHashCodeTest#testLongPathCountersEqualsFileCounters
Processing org.apache.commons.io.file.CountersEqualsAndHashCodeTest#testLongPathCountersHashCodeFileCounters
Processing org.apache.commons.io.file.CountersEqualsAndHashCodeTest#testMix
Processing org.apache.commons.io.file.DirectoryStreamFilterTest#testFilterByName
Processing org.apache.commons.io.file.DirectoryStreamFilterTest#testFilterByNameNot
Processing org.apache.commons.io.file.PathUtilsCleanDirectoryTest#testCleanDirectory1FileSize0
Processing org.apache.commons.io.file.PathUtilsCleanDirectoryTest#testCleanDirectory1FileSize1
Processing org.apache.commons.io.file.PathUtilsCleanDirectoryTest#testCleanDirectory2FileSize2
Processing org.apache.commons.io.file.PathUtilsCleanDirectoryTest#testCleanEmptyDirectory
Processing org.apache.commons.io.file.PathUtilsContentEqualsTest#testDirectoryContentEquals
Processing org.apache.commons.io.file.PathUtilsContentEqualsTest#testDirectoryAndFileContentEquals
Processing org.apache.commons.io.file.PathUtilsCountingTest#testCountEmptyFolder
Processing org.apache.commons.io.file.PathUtilsCountingTest#testCountFolders1FileSize0
Processing org.apache.commons.io.file.PathUtilsCountingTest#testCountFolders1FileSize1
Processing org.apache.commons.io.file.PathUtilsCountingTest#testCountFolders2FileSize2
Processing org.apache.commons.io.file.PathUtilsDeleteDirectoryTest#testDeleteDirectory1FileSize0
Processing org.apache.commons.io.file.PathUtilsDeleteDirectoryTest#testDeleteDirectory1FileSize0NoOptions
Processing org.apache.commons.io.file.PathUtilsDeleteDirectoryTest#testDeleteDirectory1FileSize0OverrideReadOnly
Processing org.apache.commons.io.file.PathUtilsDeleteDirectoryTest#testDeleteDirectory1FileSize1
Processing org.apache.commons.io.file.PathUtilsDeleteDirectoryTest#testDeleteDirectory2FileSize2
Processing org.apache.commons.io.file.PathUtilsDeleteDirectoryTest#testDeleteEmptyDirectory
Processing org.apache.commons.io.file.PathUtilsDeleteFileTest#testDeleteFileDirectory1FileSize0
Processing org.apache.commons.io.file.PathUtilsDeleteFileTest#testDeleteFileDirectory1FileSize1
Processing org.apache.commons.io.file.PathUtilsDeleteFileTest#testDeleteFileDoesNotExist
Processing org.apache.commons.io.file.PathUtilsDeleteFileTest#testDeleteReadOnlyFileDirectory1FileSize1
Processing org.apache.commons.io.file.PathUtilsDeleteFileTest#testSetReadOnlyFileDirectory1FileSize1
Processing org.apache.commons.io.file.PathUtilsDeleteTest#testDeleteDirectory1FileSize0
Processing org.apache.commons.io.file.PathUtilsDeleteTest#testDeleteDirectory1FileSize0NoOption
Processing org.apache.commons.io.file.PathUtilsDeleteTest#testDeleteDirectory1FileSize0OverrideReadonly
Processing org.apache.commons.io.file.PathUtilsDeleteTest#testDeleteDirectory1FileSize1
Processing org.apache.commons.io.file.PathUtilsDeleteTest#testDeleteDirectory1FileSize1NoOption
Processing org.apache.commons.io.file.PathUtilsDeleteTest#testDeleteDirectory1FileSize1OverrideReadOnly
Processing org.apache.commons.io.file.PathUtilsDeleteTest#testDeleteEmptyDirectory
Processing org.apache.commons.io.file.PathUtilsDeleteTest#testDeleteEmptyDirectoryNoOption
Processing org.apache.commons.io.file.PathUtilsDeleteTest#testDeleteEmptyDirectoryOverrideReadOnly
Processing org.apache.commons.io.file.PathUtilsDeleteTest#testDeleteFileDoesNotExist
Processing org.apache.commons.io.file.PathUtilsTest#testCopyFile
Processing org.apache.commons.io.file.PathUtilsTest#testNewDirectoryStream
Processing org.apache.commons.io.filefilter.AgeFileFilterTest#testJavadocExampleUsingNio
Processing org.apache.commons.io.filefilter.AgeFileFilterTest#testNoCounting
Processing org.apache.commons.io.filefilter.DirectoryFileFilterTest#testJavadocExampleUsingNio
Processing org.apache.commons.io.filefilter.FileFilterTestCase#testEmpty
Processing org.apache.commons.io.filefilter.FileFilterTestCase#testFilterArray_PathVisitorFileFilter_FileExistsNo
Processing org.apache.commons.io.filefilter.FileFilterTestCase#testFilterArray_PathVisitorFileFilter_FileExistsYes
Processing org.apache.commons.io.filefilter.FileFilterTestCase#testFileEqualsFilter
Processing org.apache.commons.io.filefilter.FileFilterTestCase#testPathEqualsFilter
Processing org.apache.commons.io.filefilter.NameFileFilterTest#testJavadocExampleUsingNio
Processing org.apache.commons.io.filefilter.NameFileFilterTest#testNoCounting
Processing org.apache.commons.io.input.CharSequenceInputStreamTest#testBufferedRead_AvailableCharset
Processing org.apache.commons.io.input.CharSequenceInputStreamTest#testBufferedRead_RequiredCharset
Processing org.apache.commons.io.input.CharSequenceInputStreamTest#testBufferedRead_UTF8
Processing org.apache.commons.io.input.CharSequenceInputStreamTest#testCharsetMismatchInfiniteLoop_RequiredCharsets
Processing org.apache.commons.io.input.CharSequenceInputStreamTest#testIO_356_B10_D10_S0_UTF16
Processing org.apache.commons.io.input.CharSequenceInputStreamTest#testIO_356_B10_D10_S0_UTF8
Processing org.apache.commons.io.input.CharSequenceInputStreamTest#testIO_356_B10_D10_S1_UTF8
Processing org.apache.commons.io.input.CharSequenceInputStreamTest#testIO_356_B10_D10_S2_UTF8
Processing org.apache.commons.io.input.CharSequenceInputStreamTest#testIO_356_B10_D13_S0_UTF8
Processing org.apache.commons.io.input.CharSequenceInputStreamTest#testIO_356_B10_D13_S1_UTF8
Processing org.apache.commons.io.input.CharSequenceInputStreamTest#testIO_356_B10_D20_S0_UTF8
Processing org.apache.commons.io.input.CharSequenceInputStreamTest#testIO_356_Loop_UTF16
Processing org.apache.commons.io.input.CharSequenceInputStreamTest#testIO_356_Loop_UTF8
Processing org.apache.commons.io.input.CharSequenceInputStreamTest#testLargeBufferedRead_RequiredCharsets
Processing org.apache.commons.io.input.CharSequenceInputStreamTest#testLargeBufferedRead_UTF8
Processing org.apache.commons.io.input.CharSequenceInputStreamTest#testLargeSingleByteRead_RequiredCharsets
Processing org.apache.commons.io.input.CharSequenceInputStreamTest#testLargeSingleByteRead_UTF8
Processing org.apache.commons.io.input.CharSequenceInputStreamTest#testMarkReset_USASCII
Processing org.apache.commons.io.input.CharSequenceInputStreamTest#testMarkReset_UTF8
Processing org.apache.commons.io.input.CharSequenceInputStreamTest#testMarkSupported
Processing org.apache.commons.io.input.CharSequenceInputStreamTest#testReadZero_EmptyString
Processing org.apache.commons.io.input.CharSequenceInputStreamTest#testReadZero_RequiredCharsets
Processing org.apache.commons.io.input.CharSequenceInputStreamTest#testSingleByteRead_RequiredCharsets
Processing org.apache.commons.io.input.CharSequenceInputStreamTest#testSingleByteRead_UTF16
Processing org.apache.commons.io.input.CharSequenceInputStreamTest#testSingleByteRead_UTF8
Processing org.apache.commons.io.input.CharSequenceInputStreamTest#testSkip_USASCII
Processing org.apache.commons.io.input.CharSequenceInputStreamTest#testSkip_UTF8
Processing org.apache.commons.io.input.CharSequenceInputStreamTest#testAvailable
Processing org.apache.commons.io.input.CountingInputStreamTest#testLargeFiles_IO84
Processing org.apache.commons.io.input.TeeInputStreamTest#testCloseBranchIOException
Processing org.apache.commons.io.monitor.FileAlterationObserverTestCase#testDirectory
Processing org.apache.commons.io.output.CountingOutputStreamTest#testLargeFiles_IO84
Processing org.apache.commons.io.output.FileWriterWithEncodingTest#sameEncoding_string_constructor
Processing org.apache.commons.io.output.FileWriterWithEncodingTest#sameEncoding_string_string_constructor
Processing org.apache.commons.io.output.FileWriterWithEncodingTest#sameEncoding_Charset_constructor
Processing org.apache.commons.io.output.FileWriterWithEncodingTest#sameEncoding_string_Charset_constructor
Processing org.apache.commons.io.output.FileWriterWithEncodingTest#sameEncoding_CharsetEncoder_constructor
Processing org.apache.commons.io.output.FileWriterWithEncodingTest#sameEncoding_string_CharsetEncoder_constructor
Processing org.apache.commons.io.output.FileWriterWithEncodingTest#testDifferentEncoding
Processing org.apache.commons.io.output.FileWriterWithEncodingTest#constructor_File_encoding_badEncoding
Processing org.apache.commons.io.output.FileWriterWithEncodingTest#constructor_File_directory
Processing org.apache.commons.io.output.FileWriterWithEncodingTest#constructor_File_nullFile
Processing org.apache.commons.io.output.FileWriterWithEncodingTest#sameEncoding_null_Charset_constructor
Processing org.apache.commons.io.output.LockableFileWriterTest#testFileLocked
Processing org.apache.commons.io.output.LockableFileWriterTest#testAlternateLockDir
Processing org.apache.commons.io.output.LockableFileWriterTest#testFileNotLocked
Processing org.apache.commons.io.output.LockableFileWriterTest#testConstructor_File_directory
Processing org.apache.commons.io.output.LockableFileWriterTest#testConstructor_File_nullFile
Processing org.apache.commons.io.output.NullOutputStreamTest#testSingleton
Processing org.apache.commons.io.output.NullPrintStreamTest#testNullSingleton
Processing org.apache.commons.io.output.TeeOutputStreamTest#testIOExceptionOnClose
Processing org.apache.commons.io.EndianUtilsTest#testCtor
Processing org.apache.commons.io.FileCleaningTrackerTestCase#testFileCleanerDirectory_ForceStrategy
Processing org.apache.commons.io.FileDeleteStrategyTestCase#testDeleteForce
Processing org.apache.commons.io.FileSystemUtilsTestCase#testGetFreeSpaceOS_String_NullPath
Processing org.apache.commons.io.FileSystemUtilsTestCase#testGetFreeSpaceOS_String_InitError
Processing org.apache.commons.io.FileSystemUtilsTestCase#testGetFreeSpaceOS_String_Other
Processing org.apache.commons.io.FileSystemUtilsTestCase#testGetFreeSpaceOS_String_Windows
Processing org.apache.commons.io.FileSystemUtilsTestCase#testGetFreeSpaceOS_String_Unix
Processing org.apache.commons.io.FileSystemUtilsTestCase#testGetFreeSpaceWindows_String_ParseCommaFormatBytes
Processing org.apache.commons.io.FileSystemUtilsTestCase#testGetFreeSpaceWindows_String_ParseCommaFormatBytes_Big
Processing org.apache.commons.io.FileSystemUtilsTestCase#testGetFreeSpaceWindows_String_ParseCommaFormatBytes_Small
Processing org.apache.commons.io.FileSystemUtilsTestCase#testGetFreeSpaceWindows_String_EmptyPath
Processing org.apache.commons.io.FileSystemUtilsTestCase#testGetFreeSpaceWindows_String_NormalResponse
Processing org.apache.commons.io.FileSystemUtilsTestCase#testGetFreeSpaceWindows_String_StripDrive
Processing org.apache.commons.io.FileSystemUtilsTestCase#testGetFreeSpaceWindows_String_quoted
Processing org.apache.commons.io.FileSystemUtilsTestCase#testGetFreeSpaceWindows_String_EmptyResponse
Processing org.apache.commons.io.FileSystemUtilsTestCase#testGetFreeSpaceWindows_String_EmptyMultiLineResponse
Processing org.apache.commons.io.FileSystemUtilsTestCase#testGetFreeSpaceWindows_String_InvalidTextResponse
Processing org.apache.commons.io.FileSystemUtilsTestCase#testGetFreeSpaceWindows_String_NoSuchDirectoryResponse
Processing org.apache.commons.io.FileSystemUtilsTestCase#testGetFreeSpaceUnix_String_EmptyPath
Processing org.apache.commons.io.FileSystemUtilsTestCase#testGetFreeSpaceUnix_String_NormalResponseLinux
Processing org.apache.commons.io.FileSystemUtilsTestCase#testGetFreeSpaceUnix_String_NormalResponseFreeBSD
Processing org.apache.commons.io.FileSystemUtilsTestCase#testGetFreeSpaceUnix_String_NormalResponseKbLinux
Processing org.apache.commons.io.FileSystemUtilsTestCase#testGetFreeSpaceUnix_String_NormalResponseKbFreeBSD
Processing org.apache.commons.io.FileSystemUtilsTestCase#testGetFreeSpaceUnix_String_NormalResponseKbSolaris
Processing org.apache.commons.io.FileSystemUtilsTestCase#testGetFreeSpaceUnix_String_LongResponse
Processing org.apache.commons.io.FileSystemUtilsTestCase#testGetFreeSpaceUnix_String_LongResponseKb
Processing org.apache.commons.io.FileSystemUtilsTestCase#testGetFreeSpaceUnix_String_EmptyResponse
Processing org.apache.commons.io.FileSystemUtilsTestCase#testGetFreeSpaceUnix_String_InvalidResponse1
Processing org.apache.commons.io.FileSystemUtilsTestCase#testGetFreeSpaceUnix_String_InvalidResponse2
Processing org.apache.commons.io.FileSystemUtilsTestCase#testGetFreeSpaceUnix_String_InvalidResponse3
Processing org.apache.commons.io.FileSystemUtilsTestCase#testGetFreeSpaceUnix_String_InvalidResponse4
Processing org.apache.commons.io.FileUtilsCleanDirectoryTestCase#testDeletesRegular
Processing org.apache.commons.io.FileUtilsCleanDirectoryTestCase#testDeletesNested
Processing org.apache.commons.io.FileUtilsCleanDirectoryTestCase#testThrowsOnCannotDeleteFile
Processing org.apache.commons.io.FileUtilsCleanSymlinksTestCase#testCleanDirWithSymlinkFile
Processing org.apache.commons.io.FileUtilsCleanSymlinksTestCase#testCleanDirWithASymlinkDir
Processing org.apache.commons.io.FileUtilsCleanSymlinksTestCase#testCleanDirWithParentSymlinks
Processing org.apache.commons.io.FileUtilsCleanSymlinksTestCase#testStillClearsIfGivenDirectoryIsASymlink
Processing org.apache.commons.io.FileUtilsListFilesTestCase#testIterateFilesByExtension
Processing org.apache.commons.io.FileUtilsListFilesTestCase#testListFiles
Processing org.apache.commons.io.FileUtilsTestCase#testChecksum
Processing org.apache.commons.io.FileUtilsTestCase#testCopyDirectoryPreserveDates
Processing org.apache.commons.io.FileUtilsTestCase#testCopyDirectoryToDirectory_NonExistingDest
Processing org.apache.commons.io.FileUtilsTestCase#testCopyDirectoryToNonExistingDest
Processing org.apache.commons.io.FileUtilsTestCase#testDeleteQuietlyDir
Processing org.apache.commons.io.FileUtilsTestCase#testForceDeleteAFile1
Processing org.apache.commons.io.FileUtilsTestCase#testForceDeleteAFile2
Processing org.apache.commons.io.FileUtilsTestCase#testForceDeleteAFile3
Processing org.apache.commons.io.FileUtilsTestCase#testForceDeleteDir
Processing org.apache.commons.io.FileUtilsTestCase#testIterateFiles
Processing org.apache.commons.io.FileUtilsTestCase#testIterateFilesAndDirs
Processing org.apache.commons.io.FileUtilsTestCase#testListFiles
Processing org.apache.commons.io.FileUtilsTestCase#testListFilesWithDirs
Processing org.apache.commons.io.FileUtilsTestCase#testMoveDirectory_CopyDelete
Processing org.apache.commons.io.IOUtilsCopyTestCase#testCopy_inputStreamToOutputStream_IO84
Processing org.apache.commons.io.IOUtilsTestCase#testConsume
[INFO] end of processing: 
[INFO] no errors, no warnings
[INFO] Injecting JUnit-Jjoules in /tmp/v1/pom.xml
[INFO] Output new POM file in /tmp/v1/pom_jjouled.xml
[INFO] Instrument version after commit...
[INFO] Run on /tmp/v2
[INFO] Running in NOCLASSPATH mode (doc: http://spoon.gforge.inria.fr/launcher.html).
[INFO] Spoon version 8.4.0-SNAPSHOT
[INFO] running Spoon...
[INFO] start processing...
[INFO] fr.davidson.diff.jjoules.process.junit5.JJoulesProcessor
Processing org.apache.commons.io.file.spi.FileSystemProvidersTest#testGetFileSystemProvider_fileScheme
Processing org.apache.commons.io.file.CountersEqualsAndHashCodeTest#testLongPathCountersEqualsByteCounters
Processing org.apache.commons.io.file.CountersEqualsAndHashCodeTest#testLongPathCountersEqualsDirectoryCounters
Processing org.apache.commons.io.file.CountersEqualsAndHashCodeTest#testLongPathCountersEqualsFileCounters
Processing org.apache.commons.io.file.CountersEqualsAndHashCodeTest#testLongPathCountersHashCodeFileCounters
Processing org.apache.commons.io.file.CountersEqualsAndHashCodeTest#testMix
Processing org.apache.commons.io.file.DirectoryStreamFilterTest#testFilterByName
Processing org.apache.commons.io.file.DirectoryStreamFilterTest#testFilterByNameNot
Processing org.apache.commons.io.file.PathUtilsCleanDirectoryTest#testCleanDirectory1FileSize0
Processing org.apache.commons.io.file.PathUtilsCleanDirectoryTest#testCleanDirectory1FileSize1
Processing org.apache.commons.io.file.PathUtilsCleanDirectoryTest#testCleanDirectory2FileSize2
Processing org.apache.commons.io.file.PathUtilsCleanDirectoryTest#testCleanEmptyDirectory
Processing org.apache.commons.io.file.PathUtilsContentEqualsTest#testDirectoryContentEquals
Processing org.apache.commons.io.file.PathUtilsContentEqualsTest#testDirectoryAndFileContentEquals
Processing org.apache.commons.io.file.PathUtilsCountingTest#testCountEmptyFolder
Processing org.apache.commons.io.file.PathUtilsCountingTest#testCountFolders1FileSize0
Processing org.apache.commons.io.file.PathUtilsCountingTest#testCountFolders1FileSize1
Processing org.apache.commons.io.file.PathUtilsCountingTest#testCountFolders2FileSize2
Processing org.apache.commons.io.file.PathUtilsDeleteDirectoryTest#testDeleteDirectory1FileSize0
Processing org.apache.commons.io.file.PathUtilsDeleteDirectoryTest#testDeleteDirectory1FileSize0NoOptions
Processing org.apache.commons.io.file.PathUtilsDeleteDirectoryTest#testDeleteDirectory1FileSize0OverrideReadOnly
Processing org.apache.commons.io.file.PathUtilsDeleteDirectoryTest#testDeleteDirectory1FileSize1
Processing org.apache.commons.io.file.PathUtilsDeleteDirectoryTest#testDeleteDirectory2FileSize2
Processing org.apache.commons.io.file.PathUtilsDeleteDirectoryTest#testDeleteEmptyDirectory
Processing org.apache.commons.io.file.PathUtilsDeleteFileTest#testDeleteFileDirectory1FileSize0
Processing org.apache.commons.io.file.PathUtilsDeleteFileTest#testDeleteFileDirectory1FileSize1
Processing org.apache.commons.io.file.PathUtilsDeleteFileTest#testDeleteFileDoesNotExist
Processing org.apache.commons.io.file.PathUtilsDeleteFileTest#testDeleteReadOnlyFileDirectory1FileSize1
Processing org.apache.commons.io.file.PathUtilsDeleteFileTest#testSetReadOnlyFileDirectory1FileSize1
Processing org.apache.commons.io.file.PathUtilsDeleteTest#testDeleteDirectory1FileSize0
Processing org.apache.commons.io.file.PathUtilsDeleteTest#testDeleteDirectory1FileSize0NoOption
Processing org.apache.commons.io.file.PathUtilsDeleteTest#testDeleteDirectory1FileSize0OverrideReadonly
Processing org.apache.commons.io.file.PathUtilsDeleteTest#testDeleteDirectory1FileSize1
Processing org.apache.commons.io.file.PathUtilsDeleteTest#testDeleteDirectory1FileSize1NoOption
Processing org.apache.commons.io.file.PathUtilsDeleteTest#testDeleteDirectory1FileSize1OverrideReadOnly
Processing org.apache.commons.io.file.PathUtilsDeleteTest#testDeleteEmptyDirectory
Processing org.apache.commons.io.file.PathUtilsDeleteTest#testDeleteEmptyDirectoryNoOption
Processing org.apache.commons.io.file.PathUtilsDeleteTest#testDeleteEmptyDirectoryOverrideReadOnly
Processing org.apache.commons.io.file.PathUtilsDeleteTest#testDeleteFileDoesNotExist
Processing org.apache.commons.io.file.PathUtilsTest#testCopyFile
Processing org.apache.commons.io.file.PathUtilsTest#testNewDirectoryStream
Processing org.apache.commons.io.filefilter.AgeFileFilterTest#testJavadocExampleUsingNio
Processing org.apache.commons.io.filefilter.AgeFileFilterTest#testNoCounting
Processing org.apache.commons.io.filefilter.DirectoryFileFilterTest#testJavadocExampleUsingNio
Processing org.apache.commons.io.filefilter.FileFilterTestCase#testEmpty
Processing org.apache.commons.io.filefilter.FileFilterTestCase#testFilterArray_PathVisitorFileFilter_FileExistsNo
Processing org.apache.commons.io.filefilter.FileFilterTestCase#testFilterArray_PathVisitorFileFilter_FileExistsYes
Processing org.apache.commons.io.filefilter.FileFilterTestCase#testFileEqualsFilter
Processing org.apache.commons.io.filefilter.FileFilterTestCase#testPathEqualsFilter
Processing org.apache.commons.io.filefilter.NameFileFilterTest#testJavadocExampleUsingNio
Processing org.apache.commons.io.filefilter.NameFileFilterTest#testNoCounting
Processing org.apache.commons.io.input.CharSequenceInputStreamTest#testBufferedRead_AvailableCharset
Processing org.apache.commons.io.input.CharSequenceInputStreamTest#testBufferedRead_RequiredCharset
Processing org.apache.commons.io.input.CharSequenceInputStreamTest#testBufferedRead_UTF8
Processing org.apache.commons.io.input.CharSequenceInputStreamTest#testCharsetMismatchInfiniteLoop_RequiredCharsets
Processing org.apache.commons.io.input.CharSequenceInputStreamTest#testIO_356_B10_D10_S0_UTF16
Processing org.apache.commons.io.input.CharSequenceInputStreamTest#testIO_356_B10_D10_S0_UTF8
Processing org.apache.commons.io.input.CharSequenceInputStreamTest#testIO_356_B10_D10_S1_UTF8
Processing org.apache.commons.io.input.CharSequenceInputStreamTest#testIO_356_B10_D10_S2_UTF8
Processing org.apache.commons.io.input.CharSequenceInputStreamTest#testIO_356_B10_D13_S0_UTF8
Processing org.apache.commons.io.input.CharSequenceInputStreamTest#testIO_356_B10_D13_S1_UTF8
Processing org.apache.commons.io.input.CharSequenceInputStreamTest#testIO_356_B10_D20_S0_UTF8
Processing org.apache.commons.io.input.CharSequenceInputStreamTest#testIO_356_Loop_UTF16
Processing org.apache.commons.io.input.CharSequenceInputStreamTest#testIO_356_Loop_UTF8
Processing org.apache.commons.io.input.CharSequenceInputStreamTest#testLargeBufferedRead_RequiredCharsets
Processing org.apache.commons.io.input.CharSequenceInputStreamTest#testLargeBufferedRead_UTF8
Processing org.apache.commons.io.input.CharSequenceInputStreamTest#testLargeSingleByteRead_RequiredCharsets
Processing org.apache.commons.io.input.CharSequenceInputStreamTest#testLargeSingleByteRead_UTF8
Processing org.apache.commons.io.input.CharSequenceInputStreamTest#testMarkReset_USASCII
Processing org.apache.commons.io.input.CharSequenceInputStreamTest#testMarkReset_UTF8
Processing org.apache.commons.io.input.CharSequenceInputStreamTest#testMarkSupported
Processing org.apache.commons.io.input.CharSequenceInputStreamTest#testReadZero_EmptyString
Processing org.apache.commons.io.input.CharSequenceInputStreamTest#testReadZero_RequiredCharsets
Processing org.apache.commons.io.input.CharSequenceInputStreamTest#testSingleByteRead_RequiredCharsets
Processing org.apache.commons.io.input.CharSequenceInputStreamTest#testSingleByteRead_UTF16
Processing org.apache.commons.io.input.CharSequenceInputStreamTest#testSingleByteRead_UTF8
Processing org.apache.commons.io.input.CharSequenceInputStreamTest#testSkip_USASCII
Processing org.apache.commons.io.input.CharSequenceInputStreamTest#testSkip_UTF8
Processing org.apache.commons.io.input.CharSequenceInputStreamTest#testAvailable
Processing org.apache.commons.io.input.CountingInputStreamTest#testLargeFiles_IO84
Processing org.apache.commons.io.input.TeeInputStreamTest#testCloseBranchIOException
Processing org.apache.commons.io.monitor.FileAlterationObserverTestCase#testDirectory
Processing org.apache.commons.io.output.CountingOutputStreamTest#testLargeFiles_IO84
Processing org.apache.commons.io.output.FileWriterWithEncodingTest#sameEncoding_string_constructor
Processing org.apache.commons.io.output.FileWriterWithEncodingTest#sameEncoding_string_string_constructor
Processing org.apache.commons.io.output.FileWriterWithEncodingTest#sameEncoding_Charset_constructor
Processing org.apache.commons.io.output.FileWriterWithEncodingTest#sameEncoding_string_Charset_constructor
Processing org.apache.commons.io.output.FileWriterWithEncodingTest#sameEncoding_CharsetEncoder_constructor
Processing org.apache.commons.io.output.FileWriterWithEncodingTest#sameEncoding_string_CharsetEncoder_constructor
Processing org.apache.commons.io.output.FileWriterWithEncodingTest#testDifferentEncoding
Processing org.apache.commons.io.output.FileWriterWithEncodingTest#constructor_File_encoding_badEncoding
Processing org.apache.commons.io.output.FileWriterWithEncodingTest#constructor_File_directory
Processing org.apache.commons.io.output.FileWriterWithEncodingTest#constructor_File_nullFile
Processing org.apache.commons.io.output.FileWriterWithEncodingTest#sameEncoding_null_Charset_constructor
Processing org.apache.commons.io.output.LockableFileWriterTest#testFileLocked
Processing org.apache.commons.io.output.LockableFileWriterTest#testAlternateLockDir
Processing org.apache.commons.io.output.LockableFileWriterTest#testFileNotLocked
Processing org.apache.commons.io.output.LockableFileWriterTest#testConstructor_File_directory
Processing org.apache.commons.io.output.LockableFileWriterTest#testConstructor_File_nullFile
Processing org.apache.commons.io.output.NullOutputStreamTest#testSingleton
Processing org.apache.commons.io.output.NullPrintStreamTest#testNullSingleton
Processing org.apache.commons.io.output.TeeOutputStreamTest#testIOExceptionOnClose
Processing org.apache.commons.io.EndianUtilsTest#testCtor
Processing org.apache.commons.io.FileCleaningTrackerTestCase#testFileCleanerDirectory_ForceStrategy
Processing org.apache.commons.io.FileDeleteStrategyTestCase#testDeleteForce
Processing org.apache.commons.io.FileSystemUtilsTestCase#testGetFreeSpaceOS_String_NullPath
Processing org.apache.commons.io.FileSystemUtilsTestCase#testGetFreeSpaceOS_String_InitError
Processing org.apache.commons.io.FileSystemUtilsTestCase#testGetFreeSpaceOS_String_Other
Processing org.apache.commons.io.FileSystemUtilsTestCase#testGetFreeSpaceOS_String_Windows
Processing org.apache.commons.io.FileSystemUtilsTestCase#testGetFreeSpaceOS_String_Unix
Processing org.apache.commons.io.FileSystemUtilsTestCase#testGetFreeSpaceWindows_String_ParseCommaFormatBytes
Processing org.apache.commons.io.FileSystemUtilsTestCase#testGetFreeSpaceWindows_String_ParseCommaFormatBytes_Big
Processing org.apache.commons.io.FileSystemUtilsTestCase#testGetFreeSpaceWindows_String_ParseCommaFormatBytes_Small
Processing org.apache.commons.io.FileSystemUtilsTestCase#testGetFreeSpaceWindows_String_EmptyPath
Processing org.apache.commons.io.FileSystemUtilsTestCase#testGetFreeSpaceWindows_String_NormalResponse
Processing org.apache.commons.io.FileSystemUtilsTestCase#testGetFreeSpaceWindows_String_StripDrive
Processing org.apache.commons.io.FileSystemUtilsTestCase#testGetFreeSpaceWindows_String_quoted
Processing org.apache.commons.io.FileSystemUtilsTestCase#testGetFreeSpaceWindows_String_EmptyResponse
Processing org.apache.commons.io.FileSystemUtilsTestCase#testGetFreeSpaceWindows_String_EmptyMultiLineResponse
Processing org.apache.commons.io.FileSystemUtilsTestCase#testGetFreeSpaceWindows_String_InvalidTextResponse
Processing org.apache.commons.io.FileSystemUtilsTestCase#testGetFreeSpaceWindows_String_NoSuchDirectoryResponse
Processing org.apache.commons.io.FileSystemUtilsTestCase#testGetFreeSpaceUnix_String_EmptyPath
Processing org.apache.commons.io.FileSystemUtilsTestCase#testGetFreeSpaceUnix_String_NormalResponseLinux
Processing org.apache.commons.io.FileSystemUtilsTestCase#testGetFreeSpaceUnix_String_NormalResponseFreeBSD
Processing org.apache.commons.io.FileSystemUtilsTestCase#testGetFreeSpaceUnix_String_NormalResponseKbLinux
Processing org.apache.commons.io.FileSystemUtilsTestCase#testGetFreeSpaceUnix_String_NormalResponseKbFreeBSD
Processing org.apache.commons.io.FileSystemUtilsTestCase#testGetFreeSpaceUnix_String_NormalResponseKbSolaris
Processing org.apache.commons.io.FileSystemUtilsTestCase#testGetFreeSpaceUnix_String_LongResponse
Processing org.apache.commons.io.FileSystemUtilsTestCase#testGetFreeSpaceUnix_String_LongResponseKb
Processing org.apache.commons.io.FileSystemUtilsTestCase#testGetFreeSpaceUnix_String_EmptyResponse
Processing org.apache.commons.io.FileSystemUtilsTestCase#testGetFreeSpaceUnix_String_InvalidResponse1
Processing org.apache.commons.io.FileSystemUtilsTestCase#testGetFreeSpaceUnix_String_InvalidResponse2
Processing org.apache.commons.io.FileSystemUtilsTestCase#testGetFreeSpaceUnix_String_InvalidResponse3
Processing org.apache.commons.io.FileSystemUtilsTestCase#testGetFreeSpaceUnix_String_InvalidResponse4
Processing org.apache.commons.io.FileUtilsCleanDirectoryTestCase#testDeletesRegular
Processing org.apache.commons.io.FileUtilsCleanDirectoryTestCase#testDeletesNested
Processing org.apache.commons.io.FileUtilsCleanDirectoryTestCase#testThrowsOnCannotDeleteFile
Processing org.apache.commons.io.FileUtilsCleanSymlinksTestCase#testCleanDirWithSymlinkFile
Processing org.apache.commons.io.FileUtilsCleanSymlinksTestCase#testCleanDirWithASymlinkDir
Processing org.apache.commons.io.FileUtilsCleanSymlinksTestCase#testCleanDirWithParentSymlinks
Processing org.apache.commons.io.FileUtilsCleanSymlinksTestCase#testStillClearsIfGivenDirectoryIsASymlink
Processing org.apache.commons.io.FileUtilsListFilesTestCase#testIterateFilesByExtension
Processing org.apache.commons.io.FileUtilsListFilesTestCase#testListFiles
Processing org.apache.commons.io.FileUtilsTestCase#testChecksum
Processing org.apache.commons.io.FileUtilsTestCase#testCopyDirectoryPreserveDates
Processing org.apache.commons.io.FileUtilsTestCase#testCopyDirectoryToDirectory_NonExistingDest
Processing org.apache.commons.io.FileUtilsTestCase#testCopyDirectoryToNonExistingDest
Processing org.apache.commons.io.FileUtilsTestCase#testDeleteQuietlyDir
Processing org.apache.commons.io.FileUtilsTestCase#testForceDeleteAFile1
Processing org.apache.commons.io.FileUtilsTestCase#testForceDeleteAFile2
Processing org.apache.commons.io.FileUtilsTestCase#testForceDeleteAFile3
Processing org.apache.commons.io.FileUtilsTestCase#testForceDeleteDir
Processing org.apache.commons.io.FileUtilsTestCase#testIterateFiles
Processing org.apache.commons.io.FileUtilsTestCase#testIterateFilesAndDirs
Processing org.apache.commons.io.FileUtilsTestCase#testListFiles
Processing org.apache.commons.io.FileUtilsTestCase#testListFilesWithDirs
Processing org.apache.commons.io.FileUtilsTestCase#testMoveDirectory_CopyDelete
Processing org.apache.commons.io.IOUtilsCopyTestCase#testCopy_inputStreamToOutputStream_IO84
Processing org.apache.commons.io.IOUtilsTestCase#testConsume
[INFO] end of processing: 
[INFO] no errors, no warnings
[INFO] Injecting JUnit-Jjoules in /tmp/v2/pom.xml
[INFO] Output new POM file in /tmp/v2/pom_jjouled.xml
[INFO] ------------------------------------------------------------------------
[INFO] BUILD SUCCESS
[INFO] ------------------------------------------------------------------------
[INFO] Total time:  38.317 s
[INFO] Finished at: 2020-12-09T14:47:10+01:00
[INFO] ------------------------------------------------------------------------
